# JRE version: Java(TM) SE Runtime Environment (8.0_221-b11) (build 1.8.0_221-b11)
# Java VM: Java HotSpot(TM) Client VM (25.221-b11 mixed mode windows-x86 )
Heap:
 def new generation   total 4992K, used 4396K [0x04000000, 0x04560000, 0x09550000)
  eden space 4480K,  86% used [0x04000000, 0x043cb308, 0x04460000)
  from space 512K, 100% used [0x04460000, 0x044e0000, 0x044e0000)
  to   space 512K,   0% used [0x044e0000, 0x044e0000, 0x04560000)
 tenured generation   total 10944K, used 6513K [0x09550000, 0x0a000000, 0x14000000)
   the space 10944K,  59% used [0x09550000, 0x09bac760, 0x09bac800, 0x0a000000)
 Metaspace       used 13380K, capacity 13894K, committed 13952K, reserved 14720K
GC Heap History (10 events):
Event: 37.644 GC heap before
{Heap before GC invocations=10 (full 0):
 def new generation   total 4928K, used 4928K [0x04000000, 0x04550000, 0x09550000)
  eden space 4416K, 100% used [0x04000000, 0x04450000, 0x04450000)
  from space 512K, 100% used [0x04450000, 0x044d0000, 0x044d0000)
  to   space 512K,   0% used [0x044d0000, 0x044d0000, 0x04550000)
 tenured generation   total 10944K, used 6445K [0x09550000, 0x0a000000, 0x14000000)
   the space 10944K,  58% used [0x09550000, 0x09b9b728, 0x09b9b800, 0x0a000000)
 Metaspace       used 10979K, capacity 11515K, committed 11520K, reserved 11648K
Event: 37.648 GC heap after
Heap after GC invocations=11 (full 0):
 def new generation   total 4928K, used 512K [0x04000000, 0x04550000, 0x09550000)
  eden space 4416K,   0% used [0x04000000, 0x04000000, 0x04450000)
  from space 512K, 100% used [0x044d0000, 0x04550000, 0x04550000)
  to   space 512K,   0% used [0x04450000, 0x04450000, 0x044d0000)
 tenured generation   total 10944K, used 6962K [0x09550000, 0x0a000000, 0x14000000)
   the space 10944K,  63% used [0x09550000, 0x09c1c9c0, 0x09c1ca00, 0x0a000000)
 Metaspace       used 10979K, capacity 11515K, committed 11520K, reserved 11648K
}
Event: 37.953 GC heap before
{Heap before GC invocations=11 (full 0):
 def new generation   total 4928K, used 4928K [0x04000000, 0x04550000, 0x09550000)
  eden space 4416K, 100% used [0x04000000, 0x04450000, 0x04450000)
  from space 512K, 100% used [0x044d0000, 0x04550000, 0x04550000)
  to   space 512K,   0% used [0x04450000, 0x04450000, 0x044d0000)
 tenured generation   total 10944K, used 6962K [0x09550000, 0x0a000000, 0x14000000)
   the space 10944K,  63% used [0x09550000, 0x09c1c9c0, 0x09c1ca00, 0x0a000000)
 Metaspace       used 11719K, capacity 12253K, committed 12288K, reserved 12672K
Event: 37.958 GC heap after
Heap after GC invocations=12 (full 0):
 def new generation   total 4928K, used 511K [0x04000000, 0x04550000, 0x09550000)
  eden space 4416K,   0% used [0x04000000, 0x04000000, 0x04450000)
  from space 512K,  99% used [0x04450000, 0x044cfff8, 0x044d0000)
  to   space 512K,   0% used [0x044d0000, 0x044d0000, 0x04550000)
 tenured generation   total 10944K, used 7808K [0x09550000, 0x0a000000, 0x14000000)
   the space 10944K,  71% used [0x09550000, 0x09cf00d0, 0x09cf0200, 0x0a000000)
 Metaspace       used 11719K, capacity 12253K, committed 12288K, reserved 12672K
}
Event: 37.991 GC heap before
{Heap before GC invocations=12 (full 0):
 def new generation   total 4928K, used 1020K [0x04000000, 0x04550000, 0x09550000)
  eden space 4416K,  11% used [0x04000000, 0x0407f390, 0x04450000)
  from space 512K,  99% used [0x04450000, 0x044cfff8, 0x044d0000)
  to   space 512K,   0% used [0x044d0000, 0x044d0000, 0x04550000)
 tenured generation   total 10944K, used 7808K [0x09550000, 0x0a000000, 0x14000000)
   the space 10944K,  71% used [0x09550000, 0x09cf00d0, 0x09cf0200, 0x0a000000)
 Metaspace       used 11767K, capacity 12285K, committed 12288K, reserved 12672K
Event: 38.087 GC heap after
Heap after GC invocations=13 (full 1):
 def new generation   total 4992K, used 0K [0x04000000, 0x04560000, 0x09550000)
  eden space 4480K,   0% used [0x04000000, 0x04000000, 0x04460000)
  from space 512K,   0% used [0x04460000, 0x04460000, 0x044e0000)
  to   space 512K,   0% used [0x044e0000, 0x044e0000, 0x04560000)
 tenured generation   total 10944K, used 4844K [0x09550000, 0x0a000000, 0x14000000)
   the space 10944K,  44% used [0x09550000, 0x09a0b048, 0x09a0b200, 0x0a000000)
 Metaspace       used 11730K, capacity 12230K, committed 12288K, reserved 12672K
}
Event: 38.596 GC heap before
{Heap before GC invocations=13 (full 1):
 def new generation   total 4992K, used 4480K [0x04000000, 0x04560000, 0x09550000)
  eden space 4480K, 100% used [0x04000000, 0x04460000, 0x04460000)
  from space 512K,   0% used [0x04460000, 0x04460000, 0x044e0000)
  to   space 512K,   0% used [0x044e0000, 0x044e0000, 0x04560000)
 tenured generation   total 10944K, used 4844K [0x09550000, 0x0a000000, 0x14000000)
   the space 10944K,  44% used [0x09550000, 0x09a0b048, 0x09a0b200, 0x0a000000)
 Metaspace       used 12396K, capacity 12902K, committed 13056K, reserved 13696K
Event: 38.599 GC heap after
Heap after GC invocations=14 (full 1):
 def new generation   total 4992K, used 511K [0x04000000, 0x04560000, 0x09550000)
  eden space 4480K,   0% used [0x04000000, 0x04000000, 0x04460000)
  from space 512K,  99% used [0x044e0000, 0x0455fff8, 0x04560000)
  to   space 512K,   0% used [0x04460000, 0x04460000, 0x044e0000)
 tenured generation   total 10944K, used 5176K [0x09550000, 0x0a000000, 0x14000000)
   the space 10944K,  47% used [0x09550000, 0x09a5e1e0, 0x09a5e200, 0x0a000000)
 Metaspace       used 12396K, capacity 12902K, committed 13056K, reserved 13696K
}
Event: 39.109 GC heap before
{Heap before GC invocations=14 (full 1):
 def new generation   total 4992K, used 4991K [0x04000000, 0x04560000, 0x09550000)
  eden space 4480K, 100% used [0x04000000, 0x04460000, 0x04460000)
  from space 512K,  99% used [0x044e0000, 0x0455fff8, 0x04560000)
  to   space 512K,   0% used [0x04460000, 0x04460000, 0x044e0000)
 tenured generation   total 10944K, used 5176K [0x09550000, 0x0a000000, 0x14000000)
   the space 10944K,  47% used [0x09550000, 0x09a5e1e0, 0x09a5e200, 0x0a000000)
 Metaspace       used 12882K, capacity 13382K, committed 13440K, reserved 13696K
Event: 39.117 GC heap after
Heap after GC invocations=15 (full 1):
 def new generation   total 4992K, used 512K [0x04000000, 0x04560000, 0x09550000)
  eden space 4480K,   0% used [0x04000000, 0x04000000, 0x04460000)
  from space 512K, 100% used [0x04460000, 0x044e0000, 0x044e0000)
  to   space 512K,   0% used [0x044e0000, 0x044e0000, 0x04560000)
 tenured generation   total 10944K, used 6513K [0x09550000, 0x0a000000, 0x14000000)
   the space 10944K,  59% used [0x09550000, 0x09bac760, 0x09bac800, 0x0a000000)
 Metaspace       used 12882K, capacity 13382K, committed 13440K, reserved 13696K
}

